2025-03-26 16:05:00,259 - INFO - Iniciando búsqueda de: sixpack
2025-03-26 16:05:09,082 - INFO - Producto OK: Six Pack Bebida De Durazno 235 mL - S/ 7.90
2025-03-26 16:05:09,145 - INFO - Producto OK: Six Pack Bebida De Mango 235 mL - S/ 7.90
2025-03-26 16:05:09,203 - INFO - Producto OK: Six Pack Bebida De Naranja 235 mL - S/ 7.90
2025-03-26 16:05:09,262 - INFO - Producto OK: Cerveza Lata Six Pack 310 Ml - S/ 23.90
2025-03-26 16:05:09,313 - INFO - Producto OK: Cerveza Six Pack Lata 355 mL - S/ 24.50
2025-03-26 16:05:09,370 - INFO - Producto OK: Cerveza en Lata Pack 6 Unidades 355 mL - S/ 26.50
2025-03-26 16:05:09,421 - INFO - Producto OK: Six Pack Gaseosa Naranja 500 mL - S/ 13.50
2025-03-26 16:05:09,472 - INFO - Producto OK: Six Pack Cerveza Lata 355 mL - S/ 24.90
2025-03-26 16:05:09,515 - INFO - Producto OK: Six Pack Gaseosa 500 mL - S/ 15.50
2025-03-26 16:05:09,560 - INFO - Producto OK: Six Pack Cerveza 355 mL - S/ 18.50
2025-03-26 16:05:09,603 - INFO - Producto OK: Cerveza Six Pack Lata 473 mL - S/ 30.90
2025-03-26 16:05:09,648 - INFO - Producto OK: Six Pack Gaseosa Lima Limón 500 mL - S/ 13.50
2025-03-26 16:05:09,701 - INFO - Producto OK: Cerveza en Botella Pack 6 Unidades 330 mL - S/ 25.90
2025-03-26 16:05:09,748 - INFO - Producto OK: Six Pack Cerveza Scolta 6 Unidades - S/ 16.90
2025-03-26 16:05:09,791 - INFO - Producto OK: Six Pack Cerveza En Lata 473 mL - S/ 34.90
2025-03-26 16:05:09,845 - INFO - Producto OK: Cerveza Dorada en Lata Pack 6 Unidades 355 mL - S/ 26.50
2025-03-26 16:05:09,899 - INFO - Producto OK: Six Pack Pack 310 mL - S/ 14.90
2025-03-26 16:05:09,951 - INFO - Producto OK: Six Pack Cerveza En Lata 473 mL - S/ 23.90
2025-03-26 16:05:09,997 - INFO - Producto OK: Six Pack Cerveza 305 mL - S/ 21.90
2025-03-26 16:05:10,046 - INFO - Producto OK: Cerveza Pack 6 Unidades 330 mL - S/ 27.50
2025-03-26 16:05:10,094 - INFO - Producto OK: Six Pack Cerveza Negra 310 mL - S/ 21.90
2025-03-26 16:05:10,146 - INFO - Producto OK: Six Pack Cerveza Trigo 310 mL - S/ 21.90
2025-03-26 16:05:10,192 - INFO - Producto OK: Six Pack Cerveza Dorada 310 mL - S/ 21.90
2025-03-26 16:05:10,236 - INFO - Producto OK: Six Pack Cerveza Trigo 355 mL - S/ 26.50
2025-03-26 16:05:10,282 - INFO - Producto OK: Six Pack Mezcla Láctea Cremosita Lata 390g - S/ 22.50
2025-03-26 16:05:10,328 - INFO - Producto OK: Six Pack Cerveza Negra 355 mL - S/ 26.50
2025-03-26 16:05:10,374 - INFO - Producto OK: Six Pack Mezcla Láctea Light Lata 390g - S/ 21.50
2025-03-26 16:05:10,418 - INFO - Producto OK: Six Pack Mezcla Láctea Amanecer Lata 390g - S/ 17.90
2025-03-26 16:05:10,459 - INFO - Producto OK: Six Pack Gaseosa Sin Azúcar 300 mL - S/ 10
2025-03-26 16:05:10,505 - INFO - Producto OK: Cerveza de Maíz Six Pack 473 mL - S/ 23.90
2025-03-26 16:05:10,544 - INFO - Producto OK: GASEOSA SIN AZUCAR 300ML - S/ 16.50
2025-03-26 16:05:10,584 - INFO - Producto OK: Six Pack Gaseosa Sin Azúcar 500 mL - S/ 15.50
2025-03-26 16:05:10,622 - INFO - Producto OK: Six Pack Gaseosa Coca Cola Sin Azúcar 300 mL - S/ 10
2025-03-26 16:05:10,662 - INFO - Producto OK: Six Pack Gaseosa Zero Sin Azúcar 500 mL - S/ 15.50
2025-03-26 16:05:10,703 - INFO - Producto OK: Sixpack Leche Niños 170g - S/ 14.90
2025-03-26 16:05:10,741 - INFO - Producto OK: Sixpack Mezcla Láctea Light - S/ 21.90
2025-03-26 16:05:10,781 - INFO - Producto OK: Sixpack Leche Reconstituida 170 g - S/ 12.90
2025-03-26 16:05:10,830 - INFO - Producto OK: Sixpack Mezcla Láctea Light 480g - S/ 19.70
2025-03-26 16:05:10,885 - INFO - Producto OK: Sixpack Leche Reconstructiva Entera 390 g - S/ 21.90
2025-03-26 16:05:10,933 - INFO - Producto OK: Sixpack Mezcla Láctea Sin Lactosa 480g - S/ 19.70
2025-03-26 16:05:10,976 - INFO - Producto OK: Sixpack Mezcla Láctea Bonlé Familiar 480 g - S/ 19.70
2025-03-26 16:05:11,017 - INFO - Producto OK: Sixpack Mezcla Lactea Nutrilac Botella x 390 gr - S/ 19.20
2025-03-26 16:05:11,054 - INFO - Producto OK: Sixpack Mezcla Láctea Cremosa 480g - S/ 21.90
2025-03-26 16:05:11,093 - INFO - Producto OK: Sixpack Fórmula Láctea Líquida 3 Crecimiento x 390 g - S/ 31.10
2025-03-26 16:05:11,132 - INFO - Producto OK: Sixpack Mezcla Láctea Light Sin Lactosa 480 gr - S/ 23.50
2025-03-26 16:05:11,172 - INFO - Producto OK: Sixpack Fórmula Láctea Líquida 2 Bebe Lata x 390 g - S/ 36.20
2025-03-26 16:05:11,222 - INFO - Producto OK: Agua 2.500 Lt Six Pack - S/ 14.50
2025-03-26 16:05:11,268 - INFO - Producto OK: Six Pack Rehidratante Fresa - S/ 8.90
2025-03-26 16:05:12,195 - INFO - Archivo productos_tottus_completo_1.xlsx guardado con 48 productos.
