2025-03-26 16:00:32,995 - INFO - Iniciando búsqueda de: leche%20gloria
2025-03-26 16:00:53,144 - INFO - Producto OK: Sixpack Leche Reconstructiva Entera 390 g - S/ 21.90
2025-03-26 16:00:53,218 - INFO - Producto OK: Sixpack Leche Zero Lacto x 390 g - S/ 23.50
2025-03-26 16:00:53,275 - INFO - Producto OK: Sixpack Leche Niños 170g - S/ 14.90
2025-03-26 16:00:53,334 - INFO - Producto OK: Sixpack Leche Reconstituida 170 g - S/ 12.90
2025-03-26 16:00:53,387 - INFO - Producto OK: Leche Light Uht 1 L - S/ 6.20
2025-03-26 16:00:53,448 - INFO - Producto OK: Leche Uht Chocolatada 1 L - S/ 6.20
2025-03-26 16:00:53,503 - INFO - Producto OK: Leche Uht Niños 1 L - S/ 6.20
2025-03-26 16:00:53,560 - INFO - Producto OK: Leche UHT Entera Pack 3 Unidades 1 L - S/ 15.30
2025-03-26 16:00:53,611 - INFO - Producto OK: Leche Semidescremada UHT Light Pack 3 Unidades 1 L - S/ 15.50
2025-03-26 16:00:53,664 - INFO - Producto OK: Leche para Niños DHA UHT Pack 3 Unidades 1 L - S/ 15.50
2025-03-26 16:00:53,707 - INFO - Producto OK: Leche en Polvo 800 g - S/ 36
2025-03-26 16:00:53,794 - INFO - Producto OK: Leche Fresca Uht Entera 1 L - S/ 6.10
2025-03-26 16:00:53,838 - INFO - Producto OK: Leche Uht Slim Triple Zero 1 L - S/ 6.20
2025-03-26 16:00:53,898 - INFO - Producto OK: Tripack Leche Uht Slim Triple Zero 1 L - S/ 15.50
2025-03-26 16:00:53,944 - INFO - Producto OK: Leche Light 390 g - S/ 4.40
2025-03-26 16:00:53,988 - INFO - Producto OK: Leche Niños 390 g - S/ 4.40
2025-03-26 16:00:54,048 - INFO - Producto OK: Tri Pack Leche 900 mL - S/ 12.50
2025-03-26 16:00:54,104 - INFO - Producto OK: Sixpack Leche Light 390 g - S/ 23.50
2025-03-26 16:00:54,148 - INFO - Producto OK: Leche Reconstituida Entera 390 g - S/ 4.20
2025-03-26 16:00:54,206 - INFO - Producto OK: Sixpack Leche Niños 390 g - S/ 23.50
2025-03-26 16:00:54,262 - INFO - Producto OK: Sixpack Leche Evaporada Entera 390 g - S/ 22.50
2025-03-26 16:00:54,308 - INFO - Producto OK: Crema De Leche Bolsa 946 mL - S/ 28.95
2025-03-26 16:00:54,354 - INFO - Producto OK: Crema De Leche UHT Caja 200 mL - S/ 8.95
2025-03-26 16:00:54,401 - INFO - Producto OK: Leche Entera UHT Bolsa 900 mL - S/ 4.50
2025-03-26 16:00:54,443 - INFO - Producto OK: Leche Zero Lacto Uht 1 L - S/ 6.20
2025-03-26 16:00:54,495 - INFO - Producto OK: Leche Light UHT Bolsa 900 mL - S/ 4.50
2025-03-26 16:00:54,540 - INFO - Producto OK: Sixpack Leche Zero Lacto x 170 g - S/ 14.90
2025-03-26 16:00:54,584 - INFO - Producto OK: Leche Zero Lacto Sin Lactosa x 170 g - S/ 2.50
2025-03-26 16:00:54,628 - INFO - Producto OK: Leche Zero Lacto Sin Lactosa x 390 g - S/ 4.40
2025-03-26 16:00:54,675 - INFO - Producto OK: Leche Condensada 393 g - S/ 6.90
2025-03-26 16:00:54,721 - INFO - Producto OK: Doypack Leche Condensada 1.2 kg - S/ 20.50
2025-03-26 16:00:54,770 - INFO - Producto OK: Doypack de Leche Condensada de 200 g - S/ 4.79
2025-03-26 16:00:54,821 - INFO - Producto OK: Leche Chocolatada UHT Bolsa 900 mL - S/ 5.30
2025-03-26 16:00:54,872 - INFO - Producto OK: Yogurt Griego Natural Descremado Botella 120 g - S/ 2.20
2025-03-26 16:00:54,922 - INFO - Producto OK: Yogurt Griego con Miel Botella 950 g - S/ 11.90
2025-03-26 16:00:54,975 - INFO - Producto OK: Yogurt Parcialmente Descremado Vainilla Botella 500 g - S/ 3.49
2025-03-26 16:00:55,088 - INFO - Producto OK: Sixpack Yogurt Parcialmente Descremado Vainilla 180 g - S/ 10.50
2025-03-26 16:00:57,564 - INFO - Archivo productos_tottus_completo.xlsx guardado con 37 productos.
